Jun 01, 2022 5:21:06 AM edu.curtin.emergencysim.read.FileReader read
INFO: The file input.txt is read
Jun 01, 2022 5:21:06 AM edu.curtin.emergencysim.read.FileReader read
INFO: New flood with start time 10 and location Midtown is added
Jun 01, 2022 5:21:06 AM edu.curtin.emergencysim.read.FileReader read
INFO: New fire with start time 1 and location Midtown is added
Jun 01, 2022 5:21:06 AM edu.curtin.emergencysim.read.FileReader read
INFO: New fire with start time 16 and location Hill Valley is added
Jun 01, 2022 5:21:06 AM edu.curtin.emergencysim.read.FileReader read
INFO: New flood with start time 24 and location Hill Valley is added
Jun 01, 2022 5:21:06 AM edu.curtin.emergencysim.read.FileReader read
INFO: New chemical with start time 24 and location Westtown is added
Jun 01, 2022 5:21:07 AM edu.curtin.emergencysim.display.EmergencyGenerator simulatorFunctions
INFO: fire start Midtown is being simulated
Jun 01, 2022 5:21:08 AM edu.curtin.emergencysim.display.EmergencyGenerator displayEmergency
INFO: fire + Midtown is being simulated
Jun 01, 2022 5:21:10 AM edu.curtin.emergencysim.display.EmergencyGenerator displayEmergency
INFO: fire - Midtown is being simulated
Jun 01, 2022 5:21:13 AM edu.curtin.emergencysim.display.EmergencyGenerator fireDamageandCasualties
INFO: fire damage 1 Midtown is simulated
Jun 01, 2022 5:21:14 AM edu.curtin.emergencysim.display.EmergencyGenerator fireDamageandCasualties
INFO: fire casualty 1 Midtown is simulated
Jun 01, 2022 5:21:15 AM edu.curtin.emergencysim.display.EmergencyGenerator fireDamageandCasualties
INFO: fire damage 2 Midtown is simulated
Jun 01, 2022 5:21:15 AM edu.curtin.emergencysim.display.EmergencyGenerator fireDamageandCasualties
INFO: fire casualty 2 Midtown is simulated
Jun 01, 2022 5:21:15 AM edu.curtin.emergencysim.display.EmergencyGenerator fireResponce
INFO: fire high Midtown is being simulated
Jun 01, 2022 5:21:15 AM edu.curtin.emergencysim.display.EmergencyGenerator fireDamageandCasualties
INFO: fire damage 3 Midtown is simulated
Jun 01, 2022 5:21:16 AM edu.curtin.emergencysim.display.EmergencyGenerator simulatorFunctions
INFO: flood start Midtown is being simulated
Jun 01, 2022 5:21:17 AM edu.curtin.emergencysim.display.EmergencyGenerator fireDamageandCasualties
INFO: fire damage 4 Midtown is simulated
Jun 01, 2022 5:21:17 AM edu.curtin.emergencysim.display.EmergencyGenerator fireDamageandCasualties
INFO: fire casualty 4 Midtown is simulated
Jun 01, 2022 5:21:18 AM edu.curtin.emergencysim.display.EmergencyGenerator displayEmergency
INFO: fire + Midtown is being simulated
Jun 01, 2022 5:21:18 AM edu.curtin.emergencysim.display.EmergencyGenerator displayEmergency
INFO: fire + Midtown is being simulated
Jun 01, 2022 5:21:18 AM edu.curtin.emergencysim.display.EmergencyGenerator displayEmergency
INFO: fire - Midtown is being simulated
Jun 01, 2022 5:21:18 AM edu.curtin.emergencysim.display.EmergencyGenerator fireDamageandCasualties
INFO: fire damage 5 Midtown is simulated
Jun 01, 2022 5:21:19 AM edu.curtin.emergencysim.display.EmergencyGenerator displayEmergency
INFO: fire + Midtown is being simulated
Jun 01, 2022 5:21:19 AM edu.curtin.emergencysim.display.EmergencyGenerator displayEmergency
INFO: fire - Midtown is being simulated
Jun 01, 2022 5:21:19 AM edu.curtin.emergencysim.display.EmergencyGenerator displayEmergency
INFO: fire + Midtown is being simulated
Jun 01, 2022 5:21:19 AM edu.curtin.emergencysim.display.EmergencyGenerator displayEmergency
INFO: fire - Midtown is being simulated
Jun 01, 2022 5:21:19 AM edu.curtin.emergencysim.display.EmergencyGenerator floodDamageandCasualties
INFO: flood damage 1 Midtown is simulated
Jun 01, 2022 5:21:19 AM edu.curtin.emergencysim.display.EmergencyGenerator fireDamageandCasualties
INFO: fire damage 6 Midtown is simulated
Jun 01, 2022 5:21:20 AM edu.curtin.emergencysim.display.EmergencyGenerator displayEmergency
INFO: fire + Hill Valley is being simulated
Jun 01, 2022 5:21:20 AM edu.curtin.emergencysim.display.EmergencyGenerator floodDamageandCasualties
INFO: flood damage 2 Midtown is simulated
Jun 01, 2022 5:21:20 AM edu.curtin.emergencysim.display.EmergencyGenerator fireDamageandCasualties
INFO: fire casualty 6 Midtown is simulated
Jun 01, 2022 5:21:22 AM edu.curtin.emergencysim.display.EmergencyGenerator floodDamageandCasualties
INFO: flood damage 3 Midtown is simulated
Jun 01, 2022 5:21:22 AM edu.curtin.emergencysim.display.EmergencyGenerator floodDamageandCasualties
INFO: flood casualty 3 Midtown is simulated
Jun 01, 2022 5:21:22 AM edu.curtin.emergencysim.display.EmergencyGenerator fireDamageandCasualties
INFO: fire damage 7 Midtown is simulated
Jun 01, 2022 5:21:22 AM edu.curtin.emergencysim.display.EmergencyGenerator fireDamageandCasualties
INFO: fire casualty 7 Midtown is simulated
Jun 01, 2022 5:21:23 AM edu.curtin.emergencysim.display.EmergencyGenerator displayEmergency
INFO: fire + Midtown is being simulated
Jun 01, 2022 5:21:23 AM edu.curtin.emergencysim.display.EmergencyGenerator floodDamageandCasualties
INFO: flood damage 4 Midtown is simulated
Jun 01, 2022 5:21:23 AM edu.curtin.emergencysim.display.EmergencyGenerator fireDamageandCasualties
INFO: fire damage 8 Midtown is simulated
Jun 01, 2022 5:21:23 AM edu.curtin.emergencysim.display.EmergencyGenerator fireDamageandCasualties
INFO: fire casualty 8 Midtown is simulated
Jun 01, 2022 5:21:23 AM edu.curtin.emergencysim.display.EmergencyGenerator simulatorFunctions
INFO: fire start Hill Valley is being simulated
Jun 01, 2022 5:21:24 AM edu.curtin.emergencysim.display.EmergencyGenerator floodDamageandCasualties
INFO: flood damage 5 Midtown is simulated
Jun 01, 2022 5:21:24 AM edu.curtin.emergencysim.display.EmergencyGenerator fireDamageandCasualties
INFO: fire damage 9 Midtown is simulated
Jun 01, 2022 5:21:24 AM edu.curtin.emergencysim.display.EmergencyGenerator fireDamageandCasualties
INFO: fire casualty 9 Midtown is simulated
Jun 01, 2022 5:21:24 AM edu.curtin.emergencysim.display.EmergencyGenerator fireDamageandCasualties
INFO: fire casualty 0 Hill Valley is simulated
Jun 01, 2022 5:21:25 AM edu.curtin.emergencysim.display.EmergencyGenerator floodDamageandCasualties
INFO: flood damage 6 Midtown is simulated
Jun 01, 2022 5:21:25 AM edu.curtin.emergencysim.display.EmergencyGenerator fireDamageandCasualties
INFO: fire damage 10 Midtown is simulated
Jun 01, 2022 5:21:25 AM edu.curtin.emergencysim.display.EmergencyGenerator fireDamageandCasualties
INFO: fire casualty 10 Midtown is simulated
Jun 01, 2022 5:21:26 AM edu.curtin.emergencysim.display.EmergencyGenerator floodDamageandCasualties
INFO: flood damage 7 Midtown is simulated
Jun 01, 2022 5:21:26 AM edu.curtin.emergencysim.display.EmergencyGenerator fireDamageandCasualties
INFO: fire damage 11 Midtown is simulated
Jun 01, 2022 5:21:26 AM edu.curtin.emergencysim.display.EmergencyGenerator fireResponce
INFO: fire end Hill Valley is being simulated
Jun 01, 2022 5:21:27 AM edu.curtin.emergencysim.display.EmergencyGenerator fireDamageandCasualties
INFO: fire casualty 11 Midtown is simulated
Jun 01, 2022 5:21:28 AM edu.curtin.emergencysim.display.EmergencyGenerator floodDamageandCasualties
INFO: flood damage 8 Midtown is simulated
Jun 01, 2022 5:21:28 AM edu.curtin.emergencysim.display.EmergencyGenerator fireDamageandCasualties
INFO: fire damage 12 Midtown is simulated
Jun 01, 2022 5:21:29 AM edu.curtin.emergencysim.display.EmergencyGenerator floodDamageandCasualties
INFO: flood damage 9 Midtown is simulated
Jun 01, 2022 5:21:29 AM edu.curtin.emergencysim.display.EmergencyGenerator fireDamageandCasualties
INFO: fire damage 13 Midtown is simulated
Jun 01, 2022 5:21:29 AM edu.curtin.emergencysim.display.EmergencyGenerator fireDamageandCasualties
INFO: fire casualty 13 Midtown is simulated
Jun 01, 2022 5:21:29 AM edu.curtin.emergencysim.display.EmergencyGenerator fireResponce
INFO: fire low Midtown is being simulated
Jun 01, 2022 5:21:30 AM edu.curtin.emergencysim.display.EmergencyGenerator floodDamageandCasualties
INFO: flood casualty 9 Midtown is simulated
Jun 01, 2022 5:21:30 AM edu.curtin.emergencysim.display.EmergencyGenerator fireDamageandCasualties
INFO: fire damage 14 Midtown is simulated
Jun 01, 2022 5:21:31 AM edu.curtin.emergencysim.display.EmergencyGenerator floodDamageandCasualties
INFO: flood damage 10 Midtown is simulated
Jun 01, 2022 5:21:31 AM edu.curtin.emergencysim.display.EmergencyGenerator simulatorFunctions
INFO: flood start Hill Valley is being simulated
Jun 01, 2022 5:21:31 AM edu.curtin.emergencysim.display.EmergencyGenerator simulatorFunctions
INFO: chemical start Westtown is being simulated
Jun 01, 2022 5:21:32 AM edu.curtin.emergencysim.display.EmergencyGenerator displayEmergency
INFO: fire - Hill Valley is being simulated
Jun 01, 2022 5:21:32 AM edu.curtin.emergencysim.display.EmergencyGenerator displayEmergency
INFO: fire - Midtown is being simulated
Jun 01, 2022 5:21:32 AM edu.curtin.emergencysim.display.EmergencyGenerator displayEmergency
INFO: chemical + Westtown is being simulated
Jun 01, 2022 5:21:32 AM edu.curtin.emergencysim.display.EmergencyGenerator displayEmergency
INFO: flood + Midtown is being simulated
Jun 01, 2022 5:21:32 AM edu.curtin.emergencysim.display.EmergencyGenerator floodDamageandCasualties
INFO: flood damage 11 Midtown is simulated
Jun 01, 2022 5:21:32 AM edu.curtin.emergencysim.display.EmergencyGenerator floodDamageandCasualties
INFO: flood casualty 11 Midtown is simulated
Jun 01, 2022 5:21:33 AM edu.curtin.emergencysim.display.EmergencyGenerator displayEmergency
INFO: fire - Midtown is being simulated
Jun 01, 2022 5:21:33 AM edu.curtin.emergencysim.display.EmergencyGenerator displayEmergency
INFO: chemical - Westtown is being simulated
Jun 01, 2022 5:21:33 AM edu.curtin.emergencysim.display.EmergencyGenerator floodDamageandCasualties
INFO: flood damage 12 Midtown is simulated
Jun 01, 2022 5:21:33 AM edu.curtin.emergencysim.display.EmergencyGenerator fireDamageandCasualties
INFO: fire damage 15 Midtown is simulated
Jun 01, 2022 5:21:33 AM edu.curtin.emergencysim.display.EmergencyGenerator floodDamageandCasualties
INFO: flood damage 1 Hill Valley is simulated
Jun 01, 2022 5:21:33 AM edu.curtin.emergencysim.display.EmergencyGenerator floodDamageandCasualties
INFO: flood casualty 1 Hill Valley is simulated
Jun 01, 2022 5:21:33 AM edu.curtin.emergencysim.display.EmergencyGenerator chemDamageandCasualties
INFO: chemical contam 1 Westtown is simulated
Jun 01, 2022 5:21:33 AM edu.curtin.emergencysim.display.EmergencyGenerator chemDamageandCasualties
INFO: chemical casualty 1 Westtown is simulated
Jun 01, 2022 5:21:34 AM edu.curtin.emergencysim.display.EmergencyGenerator displayEmergency
INFO: flood - Midtown is being simulated
Jun 01, 2022 5:21:34 AM edu.curtin.emergencysim.display.EmergencyGenerator floodDamageandCasualties
INFO: flood damage 13 Midtown is simulated
Jun 01, 2022 5:21:35 AM edu.curtin.emergencysim.display.EmergencyGenerator displayEmergency
INFO: flood + Midtown is being simulated
Jun 01, 2022 5:21:35 AM edu.curtin.emergencysim.display.EmergencyGenerator displayEmergency
INFO: flood + Hill Valley is being simulated
Jun 01, 2022 5:21:35 AM edu.curtin.emergencysim.display.EmergencyGenerator floodDamageandCasualties
INFO: flood damage 14 Midtown is simulated
Jun 01, 2022 5:21:35 AM edu.curtin.emergencysim.display.EmergencyGenerator floodDamageandCasualties
INFO: flood damage 2 Hill Valley is simulated
Jun 01, 2022 5:21:35 AM edu.curtin.emergencysim.display.EmergencyGenerator chemDamageandCasualties
INFO: chemical contam 2 Westtown is simulated
Jun 01, 2022 5:21:36 AM edu.curtin.emergencysim.display.EmergencyGenerator floodDamageandCasualties
INFO: flood damage 15 Midtown is simulated
Jun 01, 2022 5:21:36 AM edu.curtin.emergencysim.display.EmergencyGenerator floodDamageandCasualties
INFO: flood casualty 15 Midtown is simulated
Jun 01, 2022 5:21:36 AM edu.curtin.emergencysim.display.EmergencyGenerator chemDamageandCasualties
INFO: chemical contam 3 Westtown is simulated
Jun 01, 2022 5:21:36 AM edu.curtin.emergencysim.display.EmergencyGenerator chemDamageandCasualties
INFO: chemical casualty 3 Westtown is simulated
Jun 01, 2022 5:21:37 AM edu.curtin.emergencysim.display.EmergencyGenerator chemDamageandCasualties
INFO: chemical contam 4 Westtown is simulated
Jun 01, 2022 5:21:38 AM edu.curtin.emergencysim.display.EmergencyGenerator floodDamageandCasualties
INFO: flood damage 16 Midtown is simulated
Jun 01, 2022 5:21:38 AM edu.curtin.emergencysim.display.EmergencyGenerator fireDamageandCasualties
INFO: fire damage 16 Midtown is simulated
Jun 01, 2022 5:21:38 AM edu.curtin.emergencysim.display.EmergencyGenerator fireResponce
INFO: fire high Midtown is being simulated
Jun 01, 2022 5:21:38 AM edu.curtin.emergencysim.display.EmergencyGenerator fireDamageandCasualties
INFO: fire damage 17 Midtown is simulated
Jun 01, 2022 5:21:38 AM edu.curtin.emergencysim.display.EmergencyGenerator floodDamageandCasualties
INFO: flood damage 3 Hill Valley is simulated
Jun 01, 2022 5:21:38 AM edu.curtin.emergencysim.display.EmergencyGenerator chemDamageandCasualties
INFO: chemical contam 5 Westtown is simulated
Jun 01, 2022 5:21:39 AM edu.curtin.emergencysim.display.EmergencyGenerator displayEmergency
INFO: chemical + Westtown is being simulated
Jun 01, 2022 5:21:39 AM edu.curtin.emergencysim.display.EmergencyGenerator floodDamageandCasualties
INFO: flood damage 17 Midtown is simulated
Jun 01, 2022 5:21:39 AM edu.curtin.emergencysim.display.EmergencyGenerator fireDamageandCasualties
INFO: fire damage 18 Midtown is simulated
Jun 01, 2022 5:21:39 AM edu.curtin.emergencysim.display.EmergencyGenerator fireDamageandCasualties
INFO: fire casualty 18 Midtown is simulated
Jun 01, 2022 5:21:39 AM edu.curtin.emergencysim.display.EmergencyGenerator floodDamageandCasualties
INFO: flood damage 4 Hill Valley is simulated
Jun 01, 2022 5:21:39 AM edu.curtin.emergencysim.display.EmergencyGenerator chemDamageandCasualties
INFO: chemical contam 6 Westtown is simulated
Jun 01, 2022 5:21:39 AM edu.curtin.emergencysim.display.EmergencyGenerator chemDamageandCasualties
INFO: chemical casualty 6 Westtown is simulated
Jun 01, 2022 5:21:40 AM edu.curtin.emergencysim.display.EmergencyGenerator floodDamageandCasualties
INFO: flood damage 18 Midtown is simulated
Jun 01, 2022 5:21:40 AM edu.curtin.emergencysim.display.EmergencyGenerator fireDamageandCasualties
INFO: fire damage 19 Midtown is simulated
Jun 01, 2022 5:21:40 AM edu.curtin.emergencysim.display.EmergencyGenerator fireDamageandCasualties
INFO: fire casualty 19 Midtown is simulated
Jun 01, 2022 5:21:40 AM edu.curtin.emergencysim.display.EmergencyGenerator chemDamageandCasualties
INFO: chemical contam 7 Westtown is simulated
Jun 01, 2022 5:21:41 AM edu.curtin.emergencysim.display.EmergencyGenerator floodResponce
INFO: flood end Midtown is being simulated
Jun 01, 2022 5:21:41 AM edu.curtin.emergencysim.display.EmergencyGenerator fireDamageandCasualties
INFO: fire damage 20 Midtown is simulated
Jun 01, 2022 5:21:41 AM edu.curtin.emergencysim.display.EmergencyGenerator floodDamageandCasualties
INFO: flood damage 5 Hill Valley is simulated
Jun 01, 2022 5:21:41 AM edu.curtin.emergencysim.display.EmergencyGenerator floodResponce
INFO: flood end Hill Valley is being simulated
Jun 01, 2022 5:21:41 AM edu.curtin.emergencysim.display.EmergencyGenerator chemDamageandCasualties
INFO: chemical contam 8 Westtown is simulated
Jun 01, 2022 5:21:41 AM edu.curtin.emergencysim.display.EmergencyGenerator chemDamageandCasualties
INFO: chemical casualty 8 Westtown is simulated
Jun 01, 2022 5:21:42 AM edu.curtin.emergencysim.display.EmergencyGenerator fireDamageandCasualties
INFO: fire casualty 20 Midtown is simulated
Jun 01, 2022 5:21:42 AM edu.curtin.emergencysim.display.EmergencyGenerator chemDamageandCasualties
INFO: chemical contam 9 Westtown is simulated
Jun 01, 2022 5:21:42 AM edu.curtin.emergencysim.display.EmergencyGenerator chemDamageandCasualties
INFO: chemical casualty 9 Westtown is simulated
Jun 01, 2022 5:21:43 AM edu.curtin.emergencysim.display.EmergencyGenerator fireDamageandCasualties
INFO: fire damage 21 Midtown is simulated
Jun 01, 2022 5:21:43 AM edu.curtin.emergencysim.display.EmergencyGenerator fireDamageandCasualties
INFO: fire casualty 21 Midtown is simulated
Jun 01, 2022 5:21:44 AM edu.curtin.emergencysim.display.EmergencyGenerator fireDamageandCasualties
INFO: fire damage 22 Midtown is simulated
Jun 01, 2022 5:21:44 AM edu.curtin.emergencysim.display.EmergencyGenerator fireDamageandCasualties
INFO: fire casualty 22 Midtown is simulated
Jun 01, 2022 5:21:44 AM edu.curtin.emergencysim.display.EmergencyGenerator chemResponce
INFO: chemical end Westtown is being simulated
Jun 01, 2022 5:21:45 AM edu.curtin.emergencysim.display.EmergencyGenerator fireDamageandCasualties
INFO: fire damage 23 Midtown is simulated
Jun 01, 2022 5:21:45 AM edu.curtin.emergencysim.display.EmergencyGenerator fireDamageandCasualties
INFO: fire casualty 23 Midtown is simulated
Jun 01, 2022 5:21:46 AM edu.curtin.emergencysim.display.EmergencyGenerator fireDamageandCasualties
INFO: fire damage 24 Midtown is simulated
Jun 01, 2022 5:21:46 AM edu.curtin.emergencysim.display.EmergencyGenerator fireDamageandCasualties
INFO: fire casualty 24 Midtown is simulated
Jun 01, 2022 5:21:47 AM edu.curtin.emergencysim.display.EmergencyGenerator fireDamageandCasualties
INFO: fire damage 25 Midtown is simulated
Jun 01, 2022 5:21:47 AM edu.curtin.emergencysim.display.EmergencyGenerator fireDamageandCasualties
INFO: fire casualty 25 Midtown is simulated
Jun 01, 2022 5:21:48 AM edu.curtin.emergencysim.display.EmergencyGenerator fireDamageandCasualties
INFO: fire damage 26 Midtown is simulated
Jun 01, 2022 5:21:48 AM edu.curtin.emergencysim.display.EmergencyGenerator fireDamageandCasualties
INFO: fire casualty 26 Midtown is simulated
Jun 01, 2022 5:21:49 AM edu.curtin.emergencysim.display.EmergencyGenerator fireDamageandCasualties
INFO: fire damage 27 Midtown is simulated
Jun 01, 2022 5:21:49 AM edu.curtin.emergencysim.display.EmergencyGenerator fireDamageandCasualties
INFO: fire casualty 27 Midtown is simulated
Jun 01, 2022 5:21:50 AM edu.curtin.emergencysim.display.EmergencyGenerator fireDamageandCasualties
INFO: fire casualty 27 Midtown is simulated
Jun 01, 2022 5:21:52 AM edu.curtin.emergencysim.display.EmergencyGenerator displayEmergency
INFO: fire + Midtown is being simulated
Jun 01, 2022 5:21:52 AM edu.curtin.emergencysim.display.EmergencyGenerator fireDamageandCasualties
INFO: fire damage 28 Midtown is simulated
Jun 01, 2022 5:21:52 AM edu.curtin.emergencysim.display.EmergencyGenerator fireDamageandCasualties
INFO: fire casualty 28 Midtown is simulated
Jun 01, 2022 5:21:53 AM edu.curtin.emergencysim.display.EmergencyGenerator fireDamageandCasualties
INFO: fire damage 29 Midtown is simulated
Jun 01, 2022 5:21:53 AM edu.curtin.emergencysim.display.EmergencyGenerator fireDamageandCasualties
INFO: fire casualty 29 Midtown is simulated
Jun 01, 2022 5:21:54 AM edu.curtin.emergencysim.display.EmergencyGenerator fireDamageandCasualties
INFO: fire casualty 29 Midtown is simulated
Jun 01, 2022 5:21:55 AM edu.curtin.emergencysim.display.EmergencyGenerator fireDamageandCasualties
INFO: fire damage 30 Midtown is simulated
Jun 01, 2022 5:21:55 AM edu.curtin.emergencysim.display.EmergencyGenerator fireDamageandCasualties
INFO: fire casualty 30 Midtown is simulated
Jun 01, 2022 5:21:56 AM edu.curtin.emergencysim.display.EmergencyGenerator fireDamageandCasualties
INFO: fire damage 31 Midtown is simulated
Jun 01, 2022 5:21:56 AM edu.curtin.emergencysim.display.EmergencyGenerator fireDamageandCasualties
INFO: fire casualty 31 Midtown is simulated
Jun 01, 2022 5:21:57 AM edu.curtin.emergencysim.display.EmergencyGenerator fireDamageandCasualties
INFO: fire damage 32 Midtown is simulated
Jun 01, 2022 5:21:58 AM edu.curtin.emergencysim.display.EmergencyGenerator fireDamageandCasualties
INFO: fire damage 33 Midtown is simulated
Jun 01, 2022 5:21:58 AM edu.curtin.emergencysim.display.EmergencyGenerator fireDamageandCasualties
INFO: fire casualty 33 Midtown is simulated
Jun 01, 2022 5:21:58 AM edu.curtin.emergencysim.display.EmergencyGenerator fireResponce
INFO: fire low Midtown is being simulated
Jun 01, 2022 5:21:59 AM edu.curtin.emergencysim.display.EmergencyGenerator fireDamageandCasualties
INFO: fire damage 34 Midtown is simulated
Jun 01, 2022 5:22:00 AM edu.curtin.emergencysim.display.EmergencyGenerator fireDamageandCasualties
INFO: fire casualty 34 Midtown is simulated
Jun 01, 2022 5:22:01 AM edu.curtin.emergencysim.display.EmergencyGenerator fireResponce
INFO: fire end Midtown is being simulated
Jun 01, 2022 5:22:02 AM edu.curtin.emergencysim.display.EmergencyGenerator displayEmergency
INFO: end is being simulated
